<?xml version="1.0" encoding="UTF-8"?>
<!-- Generated by org.testng.reporters.JUnitReportReporter -->
<testsuite hostname="DESKTOP-JO135LO" failures="0" tests="1" name="com.SAPUI5.testcases.LaunchTest" time="9.167" errors="0" timestamp="2021-12-21T19:56:15 IST" skipped="0">
  <testcase classname="com.SAPUI5.testcases.LaunchTest" name="launchTest" time="9.167"/>
  <system-out/>
</testsuite> <!-- com.SAPUI5.testcases.LaunchTest -->
