<?xml version="1.0" encoding="UTF-8"?>
<!-- Generated by org.testng.reporters.JUnitReportReporter -->
<testsuite hostname="DESKTOP-JO135LO" failures="0" tests="3" name="com.SAPUI5.testcases.HomePageTest" time="34.387" errors="0" timestamp="2021-12-29T13:44:50 IST" skipped="0">
  <testcase classname="com.SAPUI5.testcases.HomePageTest" name="validateCartImage" time="12.215"/>
  <system-out/>
  <testcase classname="com.SAPUI5.testcases.HomePageTest" name="validateHomePageTitle" time="7.736"/>
  <system-out/>
  <testcase classname="com.SAPUI5.testcases.HomePageTest" name="validateClassicText" time="14.436"/>
  <system-out/>
</testsuite> <!-- com.SAPUI5.testcases.HomePageTest -->
