<?xml version="1.0" encoding="UTF-8"?>
<!-- Generated by org.testng.reporters.JUnitReportReporter -->
<testsuite hostname="DESKTOP-JO135LO" failures="0" tests="1" name="sapProject.testComponents.Launchpad" time="13.312" errors="0" timestamp="2021-12-16T16:29:49 IST" skipped="0">
  <testcase classname="sapProject.testComponents.Launchpad" name="launchTest" time="13.312"/>
  <system-out/>
</testsuite> <!-- sapProject.testComponents.Launchpad -->
