<?xml version="1.0" encoding="UTF-8"?>
<!-- Generated by org.testng.reporters.JUnitReportReporter -->
<testsuite hostname="DESKTOP-JO135LO" failures="0" tests="1" name="com.SAPUI5.testcases.CategoriesPageTest" time="25.876" errors="0" timestamp="2021-12-30T18:12:41 IST" skipped="0">
  <testcase classname="com.SAPUI5.testcases.CategoriesPageTest" name="clickOnCategoryItem" time="25.876"/>
  <system-out/>
</testsuite> <!-- com.SAPUI5.testcases.CategoriesPageTest -->
