<?xml version="1.0" encoding="UTF-8"?>
<!-- Generated by org.testng.reporters.JUnitReportReporter -->
<testsuite hostname="DESKTOP-JO135LO" failures="0" tests="1" name="com.SAPUI5.testcases.HomePageTest" time="8.338" errors="0" timestamp="2021-12-24T16:54:17 IST" skipped="0">
  <testcase classname="com.SAPUI5.testcases.HomePageTest" name="validateHomePageTitle" time="8.338"/>
  <system-out/>
</testsuite> <!-- com.SAPUI5.testcases.HomePageTest -->
