<?xml version="1.0" encoding="UTF-8"?>
<!-- Generated by org.testng.reporters.JUnitReportReporter -->
<testsuite hostname="DESKTOP-JO135LO" failures="0" tests="2" name="com.SAPUI5.testcases.ShoppingPageTest" time="30.569" errors="0" timestamp="2021-12-29T13:44:50 IST" skipped="0">
  <testcase classname="com.SAPUI5.testcases.ShoppingPageTest" name="verifyShoppingWelcomeText" time="17.919"/>
  <system-out/>
  <testcase classname="com.SAPUI5.testcases.ShoppingPageTest" name="verifyTitleOfThePage" time="12.650"/>
  <system-out/>
</testsuite> <!-- com.SAPUI5.testcases.ShoppingPageTest -->
