<?xml version="1.0" encoding="UTF-8"?>
<!-- Generated by org.testng.reporters.JUnitReportReporter -->
<testsuite hostname="DESKTOP-JO135LO" failures="0" tests="1" name="sapProject.testComponents.Launchpad" time="4.089" errors="0" timestamp="2021-12-16T14:36:03 IST" skipped="0">
  <testcase classname="sapProject.testComponents.Launchpad" name="launchTest" time="4.089"/>
  <system-out/>
</testsuite> <!-- sapProject.testComponents.Launchpad -->
