<?xml version="1.0" encoding="UTF-8"?>
<!-- Generated by org.testng.reporters.JUnitReportReporter -->
<testsuite hostname="DESKTOP-JO135LO" failures="0" tests="1" name="com.SAPUI5.testcases.CategoriesPageTest" time="31.267" errors="0" timestamp="2021-12-31T08:00:24 IST" skipped="0">
  <testcase classname="com.SAPUI5.testcases.CategoriesPageTest" name="clickOnCategoryItem" time="31.267"/>
  <system-out/>
</testsuite> <!-- com.SAPUI5.testcases.CategoriesPageTest -->
