<?xml version="1.0" encoding="UTF-8"?>
<!-- Generated by org.testng.reporters.JUnitReportReporter -->
<testsuite hostname="DESKTOP-JO135LO" failures="0" tests="3" name="com.SAPUI5.testcases.HomePageTest" time="41.127" errors="0" timestamp="2021-12-30T15:02:07 IST" skipped="0">
  <testcase classname="com.SAPUI5.testcases.HomePageTest" name="validateCartImage" time="11.773"/>
  <system-out/>
  <testcase classname="com.SAPUI5.testcases.HomePageTest" name="validateHomePageTitle" time="12.591"/>
  <system-out/>
  <testcase classname="com.SAPUI5.testcases.HomePageTest" name="validateClassicText" time="16.763"/>
  <system-out/>
</testsuite> <!-- com.SAPUI5.testcases.HomePageTest -->
