<?xml version="1.0" encoding="UTF-8"?>
<!-- Generated by org.testng.reporters.JUnitReportReporter -->
<testsuite hostname="DESKTOP-JO135LO" failures="0" tests="1" name="com.SAPUI5.testcases.CategoriesPageTest" time="20.574" errors="0" timestamp="2021-12-29T18:43:41 IST" skipped="0">
  <testcase classname="com.SAPUI5.testcases.CategoriesPageTest" name="clickOnCategoryItem" time="20.574"/>
  <system-out/>
</testsuite> <!-- com.SAPUI5.testcases.CategoriesPageTest -->
